<?xml version="1.0" encoding="UTF-8"?>
<coverage generated="1626313680031" clover="3.2.0">
  <project timestamp="1626313680032" name="All files">
    <metrics statements="8" coveredstatements="7" conditionals="8" coveredconditionals="7" methods="2" coveredmethods="2" elements="18" coveredelements="16" complexity="0" loc="8" ncloc="8" packages="1" files="2" classes="2"/>
    <file name="foo.js" path="/home/botso/jest_psw/jest_presentation/jest_things/foo.js">
      <metrics statements="6" coveredstatements="5" conditionals="8" coveredconditionals="7" methods="1" coveredmethods="1"/>
      <line num="2" count="3" type="cond" truecount="3" falsecount="1"/>
      <line num="3" count="0" type="stmt"/>
      <line num="5" count="3" type="cond" truecount="4" falsecount="0"/>
      <line num="6" count="1" type="stmt"/>
      <line num="8" count="3" type="stmt"/>
      <line num="10" count="1" type="stmt"/>
    </file>
    <file name="sum.js" path="/home/botso/jest_psw/jest_presentation/jest_things/sum.js">
      <metrics statements="2" coveredstatements="2" conditionals="0" coveredconditionals="0" methods="1" coveredmethods="1"/>
      <line num="2" count="2" type="stmt"/>
      <line num="4" count="1" type="stmt"/>
    </file>
  </project>
</coverage>
